:::MLLOG {"namespace": "", "time_ms": 1754884713658, "event_type": "POINT_IN_TIME", "key": "cache_clear", "value": "True", "metadata": {"file": "mlperf_logging_utils.py", "lineno": 94}}
:::MLLOG {"namespace": "", "time_ms": 1754884713659, "event_type": "POINT_IN_TIME", "key": "submission_benchmark", "value": "llama2_70b_lora", "metadata": {"file": "mlperf_logging_utils.py", "lineno": 97}}
:::MLLOG {"namespace": "", "time_ms": 1754884713659, "event_type": "POINT_IN_TIME", "key": "submission_division", "value": "closed", "metadata": {"file": "mlperf_logging_utils.py", "lineno": 101}}
:::MLLOG {"namespace": "", "time_ms": 1754884713659, "event_type": "POINT_IN_TIME", "key": "submission_org", "value": "referece", "metadata": {"file": "mlperf_logging_utils.py", "lineno": 105}}
:::MLLOG {"namespace": "", "time_ms": 1754884713660, "event_type": "POINT_IN_TIME", "key": "submission_platform", "value": "referece", "metadata": {"file": "mlperf_logging_utils.py", "lineno": 108}}
:::MLLOG {"namespace": "", "time_ms": 1754884713660, "event_type": "POINT_IN_TIME", "key": "submission_poc_name", "value": "referece", "metadata": {"file": "mlperf_logging_utils.py", "lineno": 112}}
:::MLLOG {"namespace": "", "time_ms": 1754884713660, "event_type": "POINT_IN_TIME", "key": "submission_poc_email", "value": "referece", "metadata": {"file": "mlperf_logging_utils.py", "lineno": 116}}
:::MLLOG {"namespace": "", "time_ms": 1754884713660, "event_type": "POINT_IN_TIME", "key": "submission_status", "value": "onprem", "metadata": {"file": "mlperf_logging_utils.py", "lineno": 120}}
:::MLLOG {"namespace": "", "time_ms": 1754884713661, "event_type": "POINT_IN_TIME", "key": "global_batch_size", "value": 8, "metadata": {"file": "mlperf_logging_utils.py", "lineno": 124}}
:::MLLOG {"namespace": "", "time_ms": 1754884713661, "event_type": "POINT_IN_TIME", "key": "train_samples", "value": 3901, "metadata": {"file": "mlperf_logging_utils.py", "lineno": 128}}
:::MLLOG {"namespace": "", "time_ms": 1754884713661, "event_type": "POINT_IN_TIME", "key": "eval_samples", "value": 173, "metadata": {"file": "mlperf_logging_utils.py", "lineno": 132}}
:::MLLOG {"namespace": "", "time_ms": 1754884713661, "event_type": "POINT_IN_TIME", "key": "seed", "value": 101, "metadata": {"file": "mlperf_logging_utils.py", "lineno": 136}}
:::MLLOG {"namespace": "", "time_ms": 1754884713662, "event_type": "POINT_IN_TIME", "key": "opt_learning_rate_warmup_factor", "value": 0.0, "metadata": {"file": "mlperf_logging_utils.py", "lineno": 137}}
:::MLLOG {"namespace": "", "time_ms": 1754884713662, "event_type": "POINT_IN_TIME", "key": "opt_learning_rate_training_steps", "value": 1024, "metadata": {"file": "mlperf_logging_utils.py", "lineno": 138}}
:::MLLOG {"namespace": "", "time_ms": 1754884713662, "event_type": "POINT_IN_TIME", "key": "opt_adamw_weight_decay", "value": 0.0001, "metadata": {"file": "mlperf_logging_utils.py", "lineno": 139}}
:::MLLOG {"namespace": "", "time_ms": 1754884713662, "event_type": "POINT_IN_TIME", "key": "opt_gradient_clip_norm", "value": 0.3, "metadata": {"file": "mlperf_logging_utils.py", "lineno": 140}}
:::MLLOG {"namespace": "", "time_ms": 1754884713663, "event_type": "POINT_IN_TIME", "key": "opt_base_learning_rate", "value": 0.0004, "metadata": {"file": "mlperf_logging_utils.py", "lineno": 141}}
:::MLLOG {"namespace": "", "time_ms": 1754884713663, "event_type": "POINT_IN_TIME", "key": "lora_alpha", "value": 32, "metadata": {"file": "mlperf_logging_utils.py", "lineno": 142}}
:::MLLOG {"namespace": "", "time_ms": 1754884713663, "event_type": "POINT_IN_TIME", "key": "lora_rank", "value": 16, "metadata": {"file": "mlperf_logging_utils.py", "lineno": 143}}
:::MLLOG {"namespace": "", "time_ms": 1754884713663, "event_type": "POINT_IN_TIME", "key": "gradient_accumulation_steps", "value": 1, "metadata": {"file": "mlperf_logging_utils.py", "lineno": 144}}
:::MLLOG {"namespace": "", "time_ms": 1754884713664, "event_type": "INTERVAL_START", "key": "init_start", "value": "", "metadata": {"file": "mlperf_logging_utils.py", "lineno": 145}}
:::MLLOG {"namespace": "", "time_ms": 1754884713664, "event_type": "INTERVAL_END", "key": "init_stop", "value": "", "metadata": {"file": "mlperf_logging_utils.py", "lineno": 147}}
:::MLLOG {"namespace": "", "time_ms": 1754884713664, "event_type": "INTERVAL_START", "key": "run_start", "value": "", "metadata": {"file": "mlperf_logging_utils.py", "lineno": 148}}
:::MLLOG {"namespace": "", "time_ms": 1754885195040, "event_type": "POINT_IN_TIME", "key": "train_loss", "value": 2.2087, "metadata": {"file": "mlperf_logging_utils.py", "lineno": 166, "samples_count": 192}}
:::MLLOG {"namespace": "", "time_ms": 1754886155645, "event_type": "POINT_IN_TIME", "key": "train_loss", "value": 1.3273, "metadata": {"file": "mlperf_logging_utils.py", "lineno": 166, "samples_count": 576}}
:::MLLOG {"namespace": "", "time_ms": 1754887115782, "event_type": "POINT_IN_TIME", "key": "train_loss", "value": 1.3138, "metadata": {"file": "mlperf_logging_utils.py", "lineno": 166, "samples_count": 960}}
:::MLLOG {"namespace": "", "time_ms": 1754888217378, "event_type": "POINT_IN_TIME", "key": "train_loss", "value": 1.3044, "metadata": {"file": "mlperf_logging_utils.py", "lineno": 166, "samples_count": 1344}}
:::MLLOG {"namespace": "", "time_ms": 1754888839244, "event_type": "INTERVAL_END", "key": "block_stop", "value": "", "metadata": {"file": "mlperf_logging_utils.py", "lineno": 174, "samples_count": 1536}}
:::MLLOG {"namespace": "", "time_ms": 1754888839245, "event_type": "POINT_IN_TIME", "key": "eval_accuracy", "value": 0.938866913318634, "metadata": {"file": "mlperf_logging_utils.py", "lineno": 179, "samples_count": 1536}}
:::MLLOG {"namespace": "", "time_ms": 1754888839245, "event_type": "INTERVAL_START", "key": "block_start", "value": "", "metadata": {"file": "mlperf_logging_utils.py", "lineno": 184, "samples_count": 192}}
:::MLLOG {"namespace": "", "time_ms": 1754889319752, "event_type": "POINT_IN_TIME", "key": "train_loss", "value": 1.2964, "metadata": {"file": "mlperf_logging_utils.py", "lineno": 166, "samples_count": 1728}}
:::MLLOG {"namespace": "", "time_ms": 1754889941986, "event_type": "INTERVAL_END", "key": "block_stop", "value": "", "metadata": {"file": "mlperf_logging_utils.py", "lineno": 174, "samples_count": 1920}}
:::MLLOG {"namespace": "", "time_ms": 1754889941987, "event_type": "POINT_IN_TIME", "key": "eval_accuracy", "value": 0.9365055561065674, "metadata": {"file": "mlperf_logging_utils.py", "lineno": 179, "samples_count": 1920}}
:::MLLOG {"namespace": "", "time_ms": 1754889941988, "event_type": "INTERVAL_START", "key": "block_start", "value": "", "metadata": {"file": "mlperf_logging_utils.py", "lineno": 184, "samples_count": 240}}
:::MLLOG {"namespace": "", "time_ms": 1754890422423, "event_type": "POINT_IN_TIME", "key": "train_loss", "value": 1.3269, "metadata": {"file": "mlperf_logging_utils.py", "lineno": 166, "samples_count": 2112}}
:::MLLOG {"namespace": "", "time_ms": 1754891045106, "event_type": "INTERVAL_END", "key": "block_stop", "value": "", "metadata": {"file": "mlperf_logging_utils.py", "lineno": 174, "samples_count": 2304}}
:::MLLOG {"namespace": "", "time_ms": 1754891045106, "event_type": "POINT_IN_TIME", "key": "eval_accuracy", "value": 0.9294281601905823, "metadata": {"file": "mlperf_logging_utils.py", "lineno": 179, "samples_count": 2304}}
:::MLLOG {"namespace": "", "time_ms": 1754891045107, "event_type": "INTERVAL_START", "key": "block_start", "value": "", "metadata": {"file": "mlperf_logging_utils.py", "lineno": 184, "samples_count": 288}}
:::MLLOG {"namespace": "", "time_ms": 1754891525430, "event_type": "POINT_IN_TIME", "key": "train_loss", "value": 1.3024, "metadata": {"file": "mlperf_logging_utils.py", "lineno": 166, "samples_count": 2496}}
:::MLLOG {"namespace": "", "time_ms": 1754892147288, "event_type": "INTERVAL_END", "key": "block_stop", "value": "", "metadata": {"file": "mlperf_logging_utils.py", "lineno": 174, "samples_count": 2688}}
:::MLLOG {"namespace": "", "time_ms": 1754892147288, "event_type": "POINT_IN_TIME", "key": "eval_accuracy", "value": 0.9258096218109131, "metadata": {"file": "mlperf_logging_utils.py", "lineno": 179, "samples_count": 2688}}
:::MLLOG {"namespace": "", "time_ms": 1754892147289, "event_type": "INTERVAL_START", "key": "block_start", "value": "", "metadata": {"file": "mlperf_logging_utils.py", "lineno": 184, "samples_count": 336}}
:::MLLOG {"namespace": "", "time_ms": 1754892627175, "event_type": "POINT_IN_TIME", "key": "train_loss", "value": 1.2875, "metadata": {"file": "mlperf_logging_utils.py", "lineno": 166, "samples_count": 2880}}
:::MLLOG {"namespace": "", "time_ms": 1754893248542, "event_type": "INTERVAL_END", "key": "block_stop", "value": "", "metadata": {"file": "mlperf_logging_utils.py", "lineno": 174, "samples_count": 3072}}
:::MLLOG {"namespace": "", "time_ms": 1754893248543, "event_type": "POINT_IN_TIME", "key": "eval_accuracy", "value": 0.9216886162757874, "metadata": {"file": "mlperf_logging_utils.py", "lineno": 179, "samples_count": 3072}}
:::MLLOG {"namespace": "", "time_ms": 1754893248544, "event_type": "INTERVAL_START", "key": "block_start", "value": "", "metadata": {"file": "mlperf_logging_utils.py", "lineno": 184, "samples_count": 384}}
:::MLLOG {"namespace": "", "time_ms": 1754893248544, "event_type": "INTERVAL_END", "key": "run_stop", "value": 0.9216886162757874, "metadata": {"file": "mlperf_logging_utils.py", "lineno": 195, "samples_count": 3072, "status": "success"}}
:::MLLOG {"namespace": "", "time_ms": 1754980890775, "event_type": "POINT_IN_TIME", "key": "cache_clear", "value": "True", "metadata": {"file": "mlperf_logging_utils.py", "lineno": 94}}
:::MLLOG {"namespace": "", "time_ms": 1754980890776, "event_type": "POINT_IN_TIME", "key": "submission_benchmark", "value": "llama2_70b_lora", "metadata": {"file": "mlperf_logging_utils.py", "lineno": 97}}
:::MLLOG {"namespace": "", "time_ms": 1754980890776, "event_type": "POINT_IN_TIME", "key": "submission_division", "value": "closed", "metadata": {"file": "mlperf_logging_utils.py", "lineno": 101}}
:::MLLOG {"namespace": "", "time_ms": 1754980890776, "event_type": "POINT_IN_TIME", "key": "submission_org", "value": "referece", "metadata": {"file": "mlperf_logging_utils.py", "lineno": 105}}
:::MLLOG {"namespace": "", "time_ms": 1754980890776, "event_type": "POINT_IN_TIME", "key": "submission_platform", "value": "referece", "metadata": {"file": "mlperf_logging_utils.py", "lineno": 108}}
:::MLLOG {"namespace": "", "time_ms": 1754980890776, "event_type": "POINT_IN_TIME", "key": "submission_poc_name", "value": "referece", "metadata": {"file": "mlperf_logging_utils.py", "lineno": 112}}
:::MLLOG {"namespace": "", "time_ms": 1754980890776, "event_type": "POINT_IN_TIME", "key": "submission_poc_email", "value": "referece", "metadata": {"file": "mlperf_logging_utils.py", "lineno": 116}}
:::MLLOG {"namespace": "", "time_ms": 1754980890776, "event_type": "POINT_IN_TIME", "key": "submission_status", "value": "onprem", "metadata": {"file": "mlperf_logging_utils.py", "lineno": 120}}
:::MLLOG {"namespace": "", "time_ms": 1754980890776, "event_type": "POINT_IN_TIME", "key": "global_batch_size", "value": 1, "metadata": {"file": "mlperf_logging_utils.py", "lineno": 124}}
:::MLLOG {"namespace": "", "time_ms": 1754980890776, "event_type": "POINT_IN_TIME", "key": "train_samples", "value": 3901, "metadata": {"file": "mlperf_logging_utils.py", "lineno": 128}}
:::MLLOG {"namespace": "", "time_ms": 1754980890776, "event_type": "POINT_IN_TIME", "key": "eval_samples", "value": 173, "metadata": {"file": "mlperf_logging_utils.py", "lineno": 132}}
:::MLLOG {"namespace": "", "time_ms": 1754980890777, "event_type": "POINT_IN_TIME", "key": "seed", "value": 1234, "metadata": {"file": "mlperf_logging_utils.py", "lineno": 136}}
:::MLLOG {"namespace": "", "time_ms": 1754980890777, "event_type": "POINT_IN_TIME", "key": "opt_learning_rate_warmup_factor", "value": 0.0, "metadata": {"file": "mlperf_logging_utils.py", "lineno": 137}}
:::MLLOG {"namespace": "", "time_ms": 1754980890777, "event_type": "POINT_IN_TIME", "key": "opt_learning_rate_training_steps", "value": 1024, "metadata": {"file": "mlperf_logging_utils.py", "lineno": 138}}
:::MLLOG {"namespace": "", "time_ms": 1754980890777, "event_type": "POINT_IN_TIME", "key": "opt_adamw_weight_decay", "value": 0.0001, "metadata": {"file": "mlperf_logging_utils.py", "lineno": 139}}
:::MLLOG {"namespace": "", "time_ms": 1754980890777, "event_type": "POINT_IN_TIME", "key": "opt_gradient_clip_norm", "value": 0.3, "metadata": {"file": "mlperf_logging_utils.py", "lineno": 140}}
:::MLLOG {"namespace": "", "time_ms": 1754980890777, "event_type": "POINT_IN_TIME", "key": "opt_base_learning_rate", "value": 0.0004, "metadata": {"file": "mlperf_logging_utils.py", "lineno": 141}}
:::MLLOG {"namespace": "", "time_ms": 1754980890777, "event_type": "POINT_IN_TIME", "key": "lora_alpha", "value": 32, "metadata": {"file": "mlperf_logging_utils.py", "lineno": 142}}
:::MLLOG {"namespace": "", "time_ms": 1754980890777, "event_type": "POINT_IN_TIME", "key": "lora_rank", "value": 16, "metadata": {"file": "mlperf_logging_utils.py", "lineno": 143}}
:::MLLOG {"namespace": "", "time_ms": 1754980890777, "event_type": "POINT_IN_TIME", "key": "gradient_accumulation_steps", "value": 1, "metadata": {"file": "mlperf_logging_utils.py", "lineno": 144}}
:::MLLOG {"namespace": "", "time_ms": 1754980890777, "event_type": "INTERVAL_START", "key": "init_start", "value": "", "metadata": {"file": "mlperf_logging_utils.py", "lineno": 145}}
:::MLLOG {"namespace": "", "time_ms": 1754980890777, "event_type": "INTERVAL_END", "key": "init_stop", "value": "", "metadata": {"file": "mlperf_logging_utils.py", "lineno": 147}}
:::MLLOG {"namespace": "", "time_ms": 1754980890777, "event_type": "INTERVAL_START", "key": "run_start", "value": "", "metadata": {"file": "mlperf_logging_utils.py", "lineno": 148}}
:::MLLOG {"namespace": "", "time_ms": 1754980892307, "event_type": "POINT_IN_TIME", "key": "train_loss", "value": 4.6162, "metadata": {"file": "mlperf_logging_utils.py", "lineno": 166, "samples_count": 1}}
:::MLLOG {"namespace": "", "time_ms": 1754980893052, "event_type": "POINT_IN_TIME", "key": "train_loss", "value": 4.3266, "metadata": {"file": "mlperf_logging_utils.py", "lineno": 166, "samples_count": 2}}
:::MLLOG {"namespace": "", "time_ms": 1754980893791, "event_type": "POINT_IN_TIME", "key": "train_loss", "value": 4.5696, "metadata": {"file": "mlperf_logging_utils.py", "lineno": 166, "samples_count": 3}}
:::MLLOG {"namespace": "", "time_ms": 1754980894531, "event_type": "POINT_IN_TIME", "key": "train_loss", "value": 4.442, "metadata": {"file": "mlperf_logging_utils.py", "lineno": 166, "samples_count": 4}}
:::MLLOG {"namespace": "", "time_ms": 1754980895270, "event_type": "POINT_IN_TIME", "key": "train_loss", "value": 4.1787, "metadata": {"file": "mlperf_logging_utils.py", "lineno": 166, "samples_count": 5}}
:::MLLOG {"namespace": "", "time_ms": 1754980896011, "event_type": "POINT_IN_TIME", "key": "train_loss", "value": 4.0317, "metadata": {"file": "mlperf_logging_utils.py", "lineno": 166, "samples_count": 6}}
:::MLLOG {"namespace": "", "time_ms": 1754980896750, "event_type": "POINT_IN_TIME", "key": "train_loss", "value": 4.3121, "metadata": {"file": "mlperf_logging_utils.py", "lineno": 166, "samples_count": 7}}
:::MLLOG {"namespace": "", "time_ms": 1754980897488, "event_type": "POINT_IN_TIME", "key": "train_loss", "value": 3.7553, "metadata": {"file": "mlperf_logging_utils.py", "lineno": 166, "samples_count": 8}}
:::MLLOG {"namespace": "", "time_ms": 1754980898228, "event_type": "POINT_IN_TIME", "key": "train_loss", "value": 3.9509, "metadata": {"file": "mlperf_logging_utils.py", "lineno": 166, "samples_count": 9}}
:::MLLOG {"namespace": "", "time_ms": 1754980898968, "event_type": "POINT_IN_TIME", "key": "train_loss", "value": 3.7113, "metadata": {"file": "mlperf_logging_utils.py", "lineno": 166, "samples_count": 10}}
:::MLLOG {"namespace": "", "time_ms": 1754980899707, "event_type": "POINT_IN_TIME", "key": "train_loss", "value": 4.0869, "metadata": {"file": "mlperf_logging_utils.py", "lineno": 166, "samples_count": 11}}
:::MLLOG {"namespace": "", "time_ms": 1754980900448, "event_type": "POINT_IN_TIME", "key": "train_loss", "value": 3.8757, "metadata": {"file": "mlperf_logging_utils.py", "lineno": 166, "samples_count": 12}}
:::MLLOG {"namespace": "", "time_ms": 1754980901188, "event_type": "POINT_IN_TIME", "key": "train_loss", "value": 3.745, "metadata": {"file": "mlperf_logging_utils.py", "lineno": 166, "samples_count": 13}}
:::MLLOG {"namespace": "", "time_ms": 1754980901927, "event_type": "POINT_IN_TIME", "key": "train_loss", "value": 3.8742, "metadata": {"file": "mlperf_logging_utils.py", "lineno": 166, "samples_count": 14}}
:::MLLOG {"namespace": "", "time_ms": 1754980902667, "event_type": "POINT_IN_TIME", "key": "train_loss", "value": 3.5726, "metadata": {"file": "mlperf_logging_utils.py", "lineno": 166, "samples_count": 15}}
:::MLLOG {"namespace": "", "time_ms": 1754980903407, "event_type": "POINT_IN_TIME", "key": "train_loss", "value": 3.646, "metadata": {"file": "mlperf_logging_utils.py", "lineno": 166, "samples_count": 16}}
:::MLLOG {"namespace": "", "time_ms": 1754980904146, "event_type": "POINT_IN_TIME", "key": "train_loss", "value": 3.5441, "metadata": {"file": "mlperf_logging_utils.py", "lineno": 166, "samples_count": 17}}
:::MLLOG {"namespace": "", "time_ms": 1754980904886, "event_type": "POINT_IN_TIME", "key": "train_loss", "value": 3.7553, "metadata": {"file": "mlperf_logging_utils.py", "lineno": 166, "samples_count": 18}}
:::MLLOG {"namespace": "", "time_ms": 1754980905625, "event_type": "POINT_IN_TIME", "key": "train_loss", "value": 3.3973, "metadata": {"file": "mlperf_logging_utils.py", "lineno": 166, "samples_count": 19}}
:::MLLOG {"namespace": "", "time_ms": 1754980906366, "event_type": "POINT_IN_TIME", "key": "train_loss", "value": 3.5966, "metadata": {"file": "mlperf_logging_utils.py", "lineno": 166, "samples_count": 20}}
:::MLLOG {"namespace": "", "time_ms": 1754980907106, "event_type": "POINT_IN_TIME", "key": "train_loss", "value": 3.5188, "metadata": {"file": "mlperf_logging_utils.py", "lineno": 166, "samples_count": 21}}
:::MLLOG {"namespace": "", "time_ms": 1754980907846, "event_type": "POINT_IN_TIME", "key": "train_loss", "value": 3.404, "metadata": {"file": "mlperf_logging_utils.py", "lineno": 166, "samples_count": 22}}
:::MLLOG {"namespace": "", "time_ms": 1754980908586, "event_type": "POINT_IN_TIME", "key": "train_loss", "value": 3.3796, "metadata": {"file": "mlperf_logging_utils.py", "lineno": 166, "samples_count": 23}}
:::MLLOG {"namespace": "", "time_ms": 1754980909326, "event_type": "POINT_IN_TIME", "key": "train_loss", "value": 3.3473, "metadata": {"file": "mlperf_logging_utils.py", "lineno": 166, "samples_count": 24}}
:::MLLOG {"namespace": "", "time_ms": 1754980910066, "event_type": "POINT_IN_TIME", "key": "train_loss", "value": 3.1453, "metadata": {"file": "mlperf_logging_utils.py", "lineno": 166, "samples_count": 25}}
:::MLLOG {"namespace": "", "time_ms": 1754980910805, "event_type": "POINT_IN_TIME", "key": "train_loss", "value": 3.3559, "metadata": {"file": "mlperf_logging_utils.py", "lineno": 166, "samples_count": 26}}
:::MLLOG {"namespace": "", "time_ms": 1754980911545, "event_type": "POINT_IN_TIME", "key": "train_loss", "value": 3.2097, "metadata": {"file": "mlperf_logging_utils.py", "lineno": 166, "samples_count": 27}}
:::MLLOG {"namespace": "", "time_ms": 1754980912285, "event_type": "POINT_IN_TIME", "key": "train_loss", "value": 3.3904, "metadata": {"file": "mlperf_logging_utils.py", "lineno": 166, "samples_count": 28}}
:::MLLOG {"namespace": "", "time_ms": 1754980913025, "event_type": "POINT_IN_TIME", "key": "train_loss", "value": 3.0314, "metadata": {"file": "mlperf_logging_utils.py", "lineno": 166, "samples_count": 29}}
:::MLLOG {"namespace": "", "time_ms": 1754980913766, "event_type": "POINT_IN_TIME", "key": "train_loss", "value": 2.9262, "metadata": {"file": "mlperf_logging_utils.py", "lineno": 166, "samples_count": 30}}
:::MLLOG {"namespace": "", "time_ms": 1754980914506, "event_type": "POINT_IN_TIME", "key": "train_loss", "value": 3.1349, "metadata": {"file": "mlperf_logging_utils.py", "lineno": 166, "samples_count": 31}}
:::MLLOG {"namespace": "", "time_ms": 1754980915246, "event_type": "POINT_IN_TIME", "key": "train_loss", "value": 3.1464, "metadata": {"file": "mlperf_logging_utils.py", "lineno": 166, "samples_count": 32}}
:::MLLOG {"namespace": "", "time_ms": 1754980915986, "event_type": "POINT_IN_TIME", "key": "train_loss", "value": 2.9073, "metadata": {"file": "mlperf_logging_utils.py", "lineno": 166, "samples_count": 33}}
:::MLLOG {"namespace": "", "time_ms": 1754980916727, "event_type": "POINT_IN_TIME", "key": "train_loss", "value": 2.9461, "metadata": {"file": "mlperf_logging_utils.py", "lineno": 166, "samples_count": 34}}
:::MLLOG {"namespace": "", "time_ms": 1754980917468, "event_type": "POINT_IN_TIME", "key": "train_loss", "value": 2.865, "metadata": {"file": "mlperf_logging_utils.py", "lineno": 166, "samples_count": 35}}
:::MLLOG {"namespace": "", "time_ms": 1754980918209, "event_type": "POINT_IN_TIME", "key": "train_loss", "value": 2.8537, "metadata": {"file": "mlperf_logging_utils.py", "lineno": 166, "samples_count": 36}}
:::MLLOG {"namespace": "", "time_ms": 1754980918949, "event_type": "POINT_IN_TIME", "key": "train_loss", "value": 2.8808, "metadata": {"file": "mlperf_logging_utils.py", "lineno": 166, "samples_count": 37}}
:::MLLOG {"namespace": "", "time_ms": 1754980919697, "event_type": "POINT_IN_TIME", "key": "train_loss", "value": 2.7679, "metadata": {"file": "mlperf_logging_utils.py", "lineno": 166, "samples_count": 38}}
:::MLLOG {"namespace": "", "time_ms": 1754980920441, "event_type": "POINT_IN_TIME", "key": "train_loss", "value": 2.8892, "metadata": {"file": "mlperf_logging_utils.py", "lineno": 166, "samples_count": 39}}
:::MLLOG {"namespace": "", "time_ms": 1754980921183, "event_type": "POINT_IN_TIME", "key": "train_loss", "value": 2.7919, "metadata": {"file": "mlperf_logging_utils.py", "lineno": 166, "samples_count": 40}}
:::MLLOG {"namespace": "", "time_ms": 1754980921924, "event_type": "POINT_IN_TIME", "key": "train_loss", "value": 2.6876, "metadata": {"file": "mlperf_logging_utils.py", "lineno": 166, "samples_count": 41}}
:::MLLOG {"namespace": "", "time_ms": 1754980922667, "event_type": "POINT_IN_TIME", "key": "train_loss", "value": 2.5601, "metadata": {"file": "mlperf_logging_utils.py", "lineno": 166, "samples_count": 42}}
:::MLLOG {"namespace": "", "time_ms": 1754980923408, "event_type": "POINT_IN_TIME", "key": "train_loss", "value": 2.8155, "metadata": {"file": "mlperf_logging_utils.py", "lineno": 166, "samples_count": 43}}
:::MLLOG {"namespace": "", "time_ms": 1754980924150, "event_type": "POINT_IN_TIME", "key": "train_loss", "value": 2.6637, "metadata": {"file": "mlperf_logging_utils.py", "lineno": 166, "samples_count": 44}}
:::MLLOG {"namespace": "", "time_ms": 1754980924893, "event_type": "POINT_IN_TIME", "key": "train_loss", "value": 2.8817, "metadata": {"file": "mlperf_logging_utils.py", "lineno": 166, "samples_count": 45}}
:::MLLOG {"namespace": "", "time_ms": 1754980925633, "event_type": "POINT_IN_TIME", "key": "train_loss", "value": 2.6006, "metadata": {"file": "mlperf_logging_utils.py", "lineno": 166, "samples_count": 46}}
:::MLLOG {"namespace": "", "time_ms": 1754980926374, "event_type": "POINT_IN_TIME", "key": "train_loss", "value": 2.8685, "metadata": {"file": "mlperf_logging_utils.py", "lineno": 166, "samples_count": 47}}
:::MLLOG {"namespace": "", "time_ms": 1754980927857, "event_type": "POINT_IN_TIME", "key": "train_loss", "value": 2.5779, "metadata": {"file": "mlperf_logging_utils.py", "lineno": 166, "samples_count": 49}}
:::MLLOG {"namespace": "", "time_ms": 1754980928598, "event_type": "POINT_IN_TIME", "key": "train_loss", "value": 2.5688, "metadata": {"file": "mlperf_logging_utils.py", "lineno": 166, "samples_count": 50}}
:::MLLOG {"namespace": "", "time_ms": 1754981209274, "event_type": "POINT_IN_TIME", "key": "cache_clear", "value": "True", "metadata": {"file": "mlperf_logging_utils.py", "lineno": 94}}
:::MLLOG {"namespace": "", "time_ms": 1754981209275, "event_type": "POINT_IN_TIME", "key": "submission_benchmark", "value": "llama2_70b_lora", "metadata": {"file": "mlperf_logging_utils.py", "lineno": 97}}
:::MLLOG {"namespace": "", "time_ms": 1754981209275, "event_type": "POINT_IN_TIME", "key": "submission_division", "value": "closed", "metadata": {"file": "mlperf_logging_utils.py", "lineno": 101}}
:::MLLOG {"namespace": "", "time_ms": 1754981209275, "event_type": "POINT_IN_TIME", "key": "submission_org", "value": "referece", "metadata": {"file": "mlperf_logging_utils.py", "lineno": 105}}
:::MLLOG {"namespace": "", "time_ms": 1754981209275, "event_type": "POINT_IN_TIME", "key": "submission_platform", "value": "referece", "metadata": {"file": "mlperf_logging_utils.py", "lineno": 108}}
:::MLLOG {"namespace": "", "time_ms": 1754981209275, "event_type": "POINT_IN_TIME", "key": "submission_poc_name", "value": "referece", "metadata": {"file": "mlperf_logging_utils.py", "lineno": 112}}
:::MLLOG {"namespace": "", "time_ms": 1754981209275, "event_type": "POINT_IN_TIME", "key": "submission_poc_email", "value": "referece", "metadata": {"file": "mlperf_logging_utils.py", "lineno": 116}}
:::MLLOG {"namespace": "", "time_ms": 1754981209275, "event_type": "POINT_IN_TIME", "key": "submission_status", "value": "onprem", "metadata": {"file": "mlperf_logging_utils.py", "lineno": 120}}
:::MLLOG {"namespace": "", "time_ms": 1754981209276, "event_type": "POINT_IN_TIME", "key": "global_batch_size", "value": 8, "metadata": {"file": "mlperf_logging_utils.py", "lineno": 124}}
:::MLLOG {"namespace": "", "time_ms": 1754981209276, "event_type": "POINT_IN_TIME", "key": "train_samples", "value": 3901, "metadata": {"file": "mlperf_logging_utils.py", "lineno": 128}}
:::MLLOG {"namespace": "", "time_ms": 1754981209276, "event_type": "POINT_IN_TIME", "key": "eval_samples", "value": 173, "metadata": {"file": "mlperf_logging_utils.py", "lineno": 132}}
:::MLLOG {"namespace": "", "time_ms": 1754981209276, "event_type": "POINT_IN_TIME", "key": "seed", "value": 101, "metadata": {"file": "mlperf_logging_utils.py", "lineno": 136}}
:::MLLOG {"namespace": "", "time_ms": 1754981209276, "event_type": "POINT_IN_TIME", "key": "opt_learning_rate_warmup_factor", "value": 0.0, "metadata": {"file": "mlperf_logging_utils.py", "lineno": 137}}
:::MLLOG {"namespace": "", "time_ms": 1754981209276, "event_type": "POINT_IN_TIME", "key": "opt_learning_rate_training_steps", "value": 1024, "metadata": {"file": "mlperf_logging_utils.py", "lineno": 138}}
:::MLLOG {"namespace": "", "time_ms": 1754981209276, "event_type": "POINT_IN_TIME", "key": "opt_adamw_weight_decay", "value": 0.0001, "metadata": {"file": "mlperf_logging_utils.py", "lineno": 139}}
:::MLLOG {"namespace": "", "time_ms": 1754981209276, "event_type": "POINT_IN_TIME", "key": "opt_gradient_clip_norm", "value": 0.3, "metadata": {"file": "mlperf_logging_utils.py", "lineno": 140}}
:::MLLOG {"namespace": "", "time_ms": 1754981209276, "event_type": "POINT_IN_TIME", "key": "opt_base_learning_rate", "value": 0.0004, "metadata": {"file": "mlperf_logging_utils.py", "lineno": 141}}
:::MLLOG {"namespace": "", "time_ms": 1754981209277, "event_type": "POINT_IN_TIME", "key": "lora_alpha", "value": 32, "metadata": {"file": "mlperf_logging_utils.py", "lineno": 142}}
:::MLLOG {"namespace": "", "time_ms": 1754981209277, "event_type": "POINT_IN_TIME", "key": "lora_rank", "value": 16, "metadata": {"file": "mlperf_logging_utils.py", "lineno": 143}}
:::MLLOG {"namespace": "", "time_ms": 1754981209277, "event_type": "POINT_IN_TIME", "key": "gradient_accumulation_steps", "value": 1, "metadata": {"file": "mlperf_logging_utils.py", "lineno": 144}}
:::MLLOG {"namespace": "", "time_ms": 1754981209277, "event_type": "INTERVAL_START", "key": "init_start", "value": "", "metadata": {"file": "mlperf_logging_utils.py", "lineno": 145}}
:::MLLOG {"namespace": "", "time_ms": 1754981209277, "event_type": "INTERVAL_END", "key": "init_stop", "value": "", "metadata": {"file": "mlperf_logging_utils.py", "lineno": 147}}
:::MLLOG {"namespace": "", "time_ms": 1754981209277, "event_type": "INTERVAL_START", "key": "run_start", "value": "", "metadata": {"file": "mlperf_logging_utils.py", "lineno": 148}}
:::MLLOG {"namespace": "", "time_ms": 1754981331044, "event_type": "POINT_IN_TIME", "key": "train_loss", "value": 2.2057, "metadata": {"file": "mlperf_logging_utils.py", "lineno": 166, "samples_count": 192}}
:::MLLOG {"namespace": "", "time_ms": 1754981575012, "event_type": "POINT_IN_TIME", "key": "train_loss", "value": 1.3257, "metadata": {"file": "mlperf_logging_utils.py", "lineno": 166, "samples_count": 576}}
:::MLLOG {"namespace": "", "time_ms": 1754981819297, "event_type": "POINT_IN_TIME", "key": "train_loss", "value": 1.319, "metadata": {"file": "mlperf_logging_utils.py", "lineno": 166, "samples_count": 960}}
:::MLLOG {"namespace": "", "time_ms": 1754982096598, "event_type": "POINT_IN_TIME", "key": "train_loss", "value": 1.3067, "metadata": {"file": "mlperf_logging_utils.py", "lineno": 166, "samples_count": 1344}}
:::MLLOG {"namespace": "", "time_ms": 1754982251640, "event_type": "INTERVAL_END", "key": "block_stop", "value": "", "metadata": {"file": "mlperf_logging_utils.py", "lineno": 174, "samples_count": 1536}}
:::MLLOG {"namespace": "", "time_ms": 1754982251640, "event_type": "POINT_IN_TIME", "key": "eval_accuracy", "value": 0.9374502301216125, "metadata": {"file": "mlperf_logging_utils.py", "lineno": 179, "samples_count": 1536}}
:::MLLOG {"namespace": "", "time_ms": 1754982251641, "event_type": "INTERVAL_START", "key": "block_start", "value": "", "metadata": {"file": "mlperf_logging_utils.py", "lineno": 184, "samples_count": 192}}
:::MLLOG {"namespace": "", "time_ms": 1754982374236, "event_type": "POINT_IN_TIME", "key": "train_loss", "value": 1.2952, "metadata": {"file": "mlperf_logging_utils.py", "lineno": 166, "samples_count": 1728}}
:::MLLOG {"namespace": "", "time_ms": 1754982529707, "event_type": "INTERVAL_END", "key": "block_stop", "value": "", "metadata": {"file": "mlperf_logging_utils.py", "lineno": 174, "samples_count": 1920}}
:::MLLOG {"namespace": "", "time_ms": 1754982529707, "event_type": "POINT_IN_TIME", "key": "eval_accuracy", "value": 0.9313926696777344, "metadata": {"file": "mlperf_logging_utils.py", "lineno": 179, "samples_count": 1920}}
:::MLLOG {"namespace": "", "time_ms": 1754982529707, "event_type": "INTERVAL_START", "key": "block_start", "value": "", "metadata": {"file": "mlperf_logging_utils.py", "lineno": 184, "samples_count": 240}}
:::MLLOG {"namespace": "", "time_ms": 1754982651782, "event_type": "POINT_IN_TIME", "key": "train_loss", "value": 1.3234, "metadata": {"file": "mlperf_logging_utils.py", "lineno": 166, "samples_count": 2112}}
:::MLLOG {"namespace": "", "time_ms": 1754982806756, "event_type": "INTERVAL_END", "key": "block_stop", "value": "", "metadata": {"file": "mlperf_logging_utils.py", "lineno": 174, "samples_count": 2304}}
:::MLLOG {"namespace": "", "time_ms": 1754982806756, "event_type": "POINT_IN_TIME", "key": "eval_accuracy", "value": 0.9279321432113647, "metadata": {"file": "mlperf_logging_utils.py", "lineno": 179, "samples_count": 2304}}
:::MLLOG {"namespace": "", "time_ms": 1754982806756, "event_type": "INTERVAL_START", "key": "block_start", "value": "", "metadata": {"file": "mlperf_logging_utils.py", "lineno": 184, "samples_count": 288}}
:::MLLOG {"namespace": "", "time_ms": 1754982928750, "event_type": "POINT_IN_TIME", "key": "train_loss", "value": 1.302, "metadata": {"file": "mlperf_logging_utils.py", "lineno": 166, "samples_count": 2496}}
:::MLLOG {"namespace": "", "time_ms": 1754983083704, "event_type": "INTERVAL_END", "key": "block_stop", "value": "", "metadata": {"file": "mlperf_logging_utils.py", "lineno": 174, "samples_count": 2688}}
:::MLLOG {"namespace": "", "time_ms": 1754983083704, "event_type": "POINT_IN_TIME", "key": "eval_accuracy", "value": 0.9239360094070435, "metadata": {"file": "mlperf_logging_utils.py", "lineno": 179, "samples_count": 2688}}
:::MLLOG {"namespace": "", "time_ms": 1754983083704, "event_type": "INTERVAL_START", "key": "block_start", "value": "", "metadata": {"file": "mlperf_logging_utils.py", "lineno": 184, "samples_count": 336}}
:::MLLOG {"namespace": "", "time_ms": 1754983083704, "event_type": "INTERVAL_END", "key": "run_stop", "value": 0.9239360094070435, "metadata": {"file": "mlperf_logging_utils.py", "lineno": 195, "samples_count": 2688, "status": "success"}}
