:::MLLOG {"namespace": "", "time_ms": 1755063902499, "event_type": "POINT_IN_TIME", "key": "cache_clear", "value": "True", "metadata": {"file": "mlperf_logging_utils.py", "lineno": 94}}
:::MLLOG {"namespace": "", "time_ms": 1755063902499, "event_type": "POINT_IN_TIME", "key": "submission_benchmark", "value": "llama2_70b_lora", "metadata": {"file": "mlperf_logging_utils.py", "lineno": 97}}
:::MLLOG {"namespace": "", "time_ms": 1755063902500, "event_type": "POINT_IN_TIME", "key": "submission_division", "value": "closed", "metadata": {"file": "mlperf_logging_utils.py", "lineno": 101}}
:::MLLOG {"namespace": "", "time_ms": 1755063902500, "event_type": "POINT_IN_TIME", "key": "submission_org", "value": "referece", "metadata": {"file": "mlperf_logging_utils.py", "lineno": 105}}
:::MLLOG {"namespace": "", "time_ms": 1755063902500, "event_type": "POINT_IN_TIME", "key": "submission_platform", "value": "referece", "metadata": {"file": "mlperf_logging_utils.py", "lineno": 108}}
:::MLLOG {"namespace": "", "time_ms": 1755063902500, "event_type": "POINT_IN_TIME", "key": "submission_poc_name", "value": "referece", "metadata": {"file": "mlperf_logging_utils.py", "lineno": 112}}
:::MLLOG {"namespace": "", "time_ms": 1755063902500, "event_type": "POINT_IN_TIME", "key": "submission_poc_email", "value": "referece", "metadata": {"file": "mlperf_logging_utils.py", "lineno": 116}}
:::MLLOG {"namespace": "", "time_ms": 1755063902501, "event_type": "POINT_IN_TIME", "key": "submission_status", "value": "onprem", "metadata": {"file": "mlperf_logging_utils.py", "lineno": 120}}
:::MLLOG {"namespace": "", "time_ms": 1755063902501, "event_type": "POINT_IN_TIME", "key": "global_batch_size", "value": 1, "metadata": {"file": "mlperf_logging_utils.py", "lineno": 124}}
:::MLLOG {"namespace": "", "time_ms": 1755063902501, "event_type": "POINT_IN_TIME", "key": "train_samples", "value": 3901, "metadata": {"file": "mlperf_logging_utils.py", "lineno": 128}}
:::MLLOG {"namespace": "", "time_ms": 1755063902501, "event_type": "POINT_IN_TIME", "key": "eval_samples", "value": 173, "metadata": {"file": "mlperf_logging_utils.py", "lineno": 132}}
:::MLLOG {"namespace": "", "time_ms": 1755063902501, "event_type": "POINT_IN_TIME", "key": "seed", "value": 1234, "metadata": {"file": "mlperf_logging_utils.py", "lineno": 136}}
:::MLLOG {"namespace": "", "time_ms": 1755063902501, "event_type": "POINT_IN_TIME", "key": "opt_learning_rate_warmup_factor", "value": 0.0, "metadata": {"file": "mlperf_logging_utils.py", "lineno": 137}}
:::MLLOG {"namespace": "", "time_ms": 1755063902501, "event_type": "POINT_IN_TIME", "key": "opt_learning_rate_training_steps", "value": 1024, "metadata": {"file": "mlperf_logging_utils.py", "lineno": 138}}
:::MLLOG {"namespace": "", "time_ms": 1755063902501, "event_type": "POINT_IN_TIME", "key": "opt_adamw_weight_decay", "value": 0.0001, "metadata": {"file": "mlperf_logging_utils.py", "lineno": 139}}
:::MLLOG {"namespace": "", "time_ms": 1755063902501, "event_type": "POINT_IN_TIME", "key": "opt_gradient_clip_norm", "value": 0.3, "metadata": {"file": "mlperf_logging_utils.py", "lineno": 140}}
:::MLLOG {"namespace": "", "time_ms": 1755063902501, "event_type": "POINT_IN_TIME", "key": "opt_base_learning_rate", "value": 0.0004, "metadata": {"file": "mlperf_logging_utils.py", "lineno": 141}}
:::MLLOG {"namespace": "", "time_ms": 1755063902501, "event_type": "POINT_IN_TIME", "key": "lora_alpha", "value": 32, "metadata": {"file": "mlperf_logging_utils.py", "lineno": 142}}
:::MLLOG {"namespace": "", "time_ms": 1755063902501, "event_type": "POINT_IN_TIME", "key": "lora_rank", "value": 16, "metadata": {"file": "mlperf_logging_utils.py", "lineno": 143}}
:::MLLOG {"namespace": "", "time_ms": 1755063902502, "event_type": "POINT_IN_TIME", "key": "gradient_accumulation_steps", "value": 1, "metadata": {"file": "mlperf_logging_utils.py", "lineno": 144}}
:::MLLOG {"namespace": "", "time_ms": 1755063902502, "event_type": "INTERVAL_START", "key": "init_start", "value": "", "metadata": {"file": "mlperf_logging_utils.py", "lineno": 145}}
:::MLLOG {"namespace": "", "time_ms": 1755063902502, "event_type": "INTERVAL_END", "key": "init_stop", "value": "", "metadata": {"file": "mlperf_logging_utils.py", "lineno": 147}}
:::MLLOG {"namespace": "", "time_ms": 1755063902502, "event_type": "INTERVAL_START", "key": "run_start", "value": "", "metadata": {"file": "mlperf_logging_utils.py", "lineno": 148}}
:::MLLOG {"namespace": "", "time_ms": 1755063903859, "event_type": "POINT_IN_TIME", "key": "train_loss", "value": 4.6162, "metadata": {"file": "mlperf_logging_utils.py", "lineno": 166, "samples_count": 1}}
:::MLLOG {"namespace": "", "time_ms": 1755063904602, "event_type": "POINT_IN_TIME", "key": "train_loss", "value": 4.3362, "metadata": {"file": "mlperf_logging_utils.py", "lineno": 166, "samples_count": 2}}
:::MLLOG {"namespace": "", "time_ms": 1755063905343, "event_type": "POINT_IN_TIME", "key": "train_loss", "value": 4.6157, "metadata": {"file": "mlperf_logging_utils.py", "lineno": 166, "samples_count": 3}}
:::MLLOG {"namespace": "", "time_ms": 1755063906086, "event_type": "POINT_IN_TIME", "key": "train_loss", "value": 4.4803, "metadata": {"file": "mlperf_logging_utils.py", "lineno": 166, "samples_count": 4}}
:::MLLOG {"namespace": "", "time_ms": 1755063906829, "event_type": "POINT_IN_TIME", "key": "train_loss", "value": 4.1271, "metadata": {"file": "mlperf_logging_utils.py", "lineno": 166, "samples_count": 5}}
:::MLLOG {"namespace": "", "time_ms": 1755063907571, "event_type": "POINT_IN_TIME", "key": "train_loss", "value": 4.1252, "metadata": {"file": "mlperf_logging_utils.py", "lineno": 166, "samples_count": 6}}
:::MLLOG {"namespace": "", "time_ms": 1755063908313, "event_type": "POINT_IN_TIME", "key": "train_loss", "value": 4.3255, "metadata": {"file": "mlperf_logging_utils.py", "lineno": 166, "samples_count": 7}}
:::MLLOG {"namespace": "", "time_ms": 1755063909055, "event_type": "POINT_IN_TIME", "key": "train_loss", "value": 3.7923, "metadata": {"file": "mlperf_logging_utils.py", "lineno": 166, "samples_count": 8}}
:::MLLOG {"namespace": "", "time_ms": 1755063909797, "event_type": "POINT_IN_TIME", "key": "train_loss", "value": 3.9979, "metadata": {"file": "mlperf_logging_utils.py", "lineno": 166, "samples_count": 9}}
:::MLLOG {"namespace": "", "time_ms": 1755063910539, "event_type": "POINT_IN_TIME", "key": "train_loss", "value": 3.7638, "metadata": {"file": "mlperf_logging_utils.py", "lineno": 166, "samples_count": 10}}
:::MLLOG {"namespace": "", "time_ms": 1755063911282, "event_type": "POINT_IN_TIME", "key": "train_loss", "value": 4.1224, "metadata": {"file": "mlperf_logging_utils.py", "lineno": 166, "samples_count": 11}}
:::MLLOG {"namespace": "", "time_ms": 1755063912024, "event_type": "POINT_IN_TIME", "key": "train_loss", "value": 3.9489, "metadata": {"file": "mlperf_logging_utils.py", "lineno": 166, "samples_count": 12}}
:::MLLOG {"namespace": "", "time_ms": 1755063912767, "event_type": "POINT_IN_TIME", "key": "train_loss", "value": 3.8209, "metadata": {"file": "mlperf_logging_utils.py", "lineno": 166, "samples_count": 13}}
:::MLLOG {"namespace": "", "time_ms": 1755063913510, "event_type": "POINT_IN_TIME", "key": "train_loss", "value": 3.8647, "metadata": {"file": "mlperf_logging_utils.py", "lineno": 166, "samples_count": 14}}
:::MLLOG {"namespace": "", "time_ms": 1755063914253, "event_type": "POINT_IN_TIME", "key": "train_loss", "value": 3.5464, "metadata": {"file": "mlperf_logging_utils.py", "lineno": 166, "samples_count": 15}}
:::MLLOG {"namespace": "", "time_ms": 1755063914995, "event_type": "POINT_IN_TIME", "key": "train_loss", "value": 3.6224, "metadata": {"file": "mlperf_logging_utils.py", "lineno": 166, "samples_count": 16}}
:::MLLOG {"namespace": "", "time_ms": 1755063915738, "event_type": "POINT_IN_TIME", "key": "train_loss", "value": 3.5361, "metadata": {"file": "mlperf_logging_utils.py", "lineno": 166, "samples_count": 17}}
:::MLLOG {"namespace": "", "time_ms": 1755063916481, "event_type": "POINT_IN_TIME", "key": "train_loss", "value": 3.7324, "metadata": {"file": "mlperf_logging_utils.py", "lineno": 166, "samples_count": 18}}
:::MLLOG {"namespace": "", "time_ms": 1755063917223, "event_type": "POINT_IN_TIME", "key": "train_loss", "value": 3.4246, "metadata": {"file": "mlperf_logging_utils.py", "lineno": 166, "samples_count": 19}}
:::MLLOG {"namespace": "", "time_ms": 1755063917966, "event_type": "POINT_IN_TIME", "key": "train_loss", "value": 3.6946, "metadata": {"file": "mlperf_logging_utils.py", "lineno": 166, "samples_count": 20}}
:::MLLOG {"namespace": "", "time_ms": 1755063918708, "event_type": "POINT_IN_TIME", "key": "train_loss", "value": 3.5728, "metadata": {"file": "mlperf_logging_utils.py", "lineno": 166, "samples_count": 21}}
:::MLLOG {"namespace": "", "time_ms": 1755063919450, "event_type": "POINT_IN_TIME", "key": "train_loss", "value": 3.4464, "metadata": {"file": "mlperf_logging_utils.py", "lineno": 166, "samples_count": 22}}
:::MLLOG {"namespace": "", "time_ms": 1755063920193, "event_type": "POINT_IN_TIME", "key": "train_loss", "value": 3.4534, "metadata": {"file": "mlperf_logging_utils.py", "lineno": 166, "samples_count": 23}}
:::MLLOG {"namespace": "", "time_ms": 1755063920936, "event_type": "POINT_IN_TIME", "key": "train_loss", "value": 3.3897, "metadata": {"file": "mlperf_logging_utils.py", "lineno": 166, "samples_count": 24}}
:::MLLOG {"namespace": "", "time_ms": 1755063921678, "event_type": "POINT_IN_TIME", "key": "train_loss", "value": 3.2168, "metadata": {"file": "mlperf_logging_utils.py", "lineno": 166, "samples_count": 25}}
:::MLLOG {"namespace": "", "time_ms": 1755063922420, "event_type": "POINT_IN_TIME", "key": "train_loss", "value": 3.3922, "metadata": {"file": "mlperf_logging_utils.py", "lineno": 166, "samples_count": 26}}
:::MLLOG {"namespace": "", "time_ms": 1755063923162, "event_type": "POINT_IN_TIME", "key": "train_loss", "value": 3.227, "metadata": {"file": "mlperf_logging_utils.py", "lineno": 166, "samples_count": 27}}
:::MLLOG {"namespace": "", "time_ms": 1755063923905, "event_type": "POINT_IN_TIME", "key": "train_loss", "value": 3.4766, "metadata": {"file": "mlperf_logging_utils.py", "lineno": 166, "samples_count": 28}}
:::MLLOG {"namespace": "", "time_ms": 1755063924648, "event_type": "POINT_IN_TIME", "key": "train_loss", "value": 3.1083, "metadata": {"file": "mlperf_logging_utils.py", "lineno": 166, "samples_count": 29}}
:::MLLOG {"namespace": "", "time_ms": 1755063925390, "event_type": "POINT_IN_TIME", "key": "train_loss", "value": 2.9954, "metadata": {"file": "mlperf_logging_utils.py", "lineno": 166, "samples_count": 30}}
:::MLLOG {"namespace": "", "time_ms": 1755063926136, "event_type": "POINT_IN_TIME", "key": "train_loss", "value": 3.1865, "metadata": {"file": "mlperf_logging_utils.py", "lineno": 166, "samples_count": 31}}
:::MLLOG {"namespace": "", "time_ms": 1755065121548, "event_type": "POINT_IN_TIME", "key": "cache_clear", "value": "True", "metadata": {"file": "mlperf_logging_utils.py", "lineno": 94}}
:::MLLOG {"namespace": "", "time_ms": 1755065121548, "event_type": "POINT_IN_TIME", "key": "submission_benchmark", "value": "llama2_70b_lora", "metadata": {"file": "mlperf_logging_utils.py", "lineno": 97}}
:::MLLOG {"namespace": "", "time_ms": 1755065121548, "event_type": "POINT_IN_TIME", "key": "submission_division", "value": "closed", "metadata": {"file": "mlperf_logging_utils.py", "lineno": 101}}
:::MLLOG {"namespace": "", "time_ms": 1755065121548, "event_type": "POINT_IN_TIME", "key": "submission_org", "value": "referece", "metadata": {"file": "mlperf_logging_utils.py", "lineno": 105}}
:::MLLOG {"namespace": "", "time_ms": 1755065121548, "event_type": "POINT_IN_TIME", "key": "submission_platform", "value": "referece", "metadata": {"file": "mlperf_logging_utils.py", "lineno": 108}}
:::MLLOG {"namespace": "", "time_ms": 1755065121548, "event_type": "POINT_IN_TIME", "key": "submission_poc_name", "value": "referece", "metadata": {"file": "mlperf_logging_utils.py", "lineno": 112}}
:::MLLOG {"namespace": "", "time_ms": 1755065121549, "event_type": "POINT_IN_TIME", "key": "submission_poc_email", "value": "referece", "metadata": {"file": "mlperf_logging_utils.py", "lineno": 116}}
:::MLLOG {"namespace": "", "time_ms": 1755065121549, "event_type": "POINT_IN_TIME", "key": "submission_status", "value": "onprem", "metadata": {"file": "mlperf_logging_utils.py", "lineno": 120}}
:::MLLOG {"namespace": "", "time_ms": 1755065121549, "event_type": "POINT_IN_TIME", "key": "global_batch_size", "value": 8, "metadata": {"file": "mlperf_logging_utils.py", "lineno": 124}}
:::MLLOG {"namespace": "", "time_ms": 1755065121549, "event_type": "POINT_IN_TIME", "key": "train_samples", "value": 3901, "metadata": {"file": "mlperf_logging_utils.py", "lineno": 128}}
:::MLLOG {"namespace": "", "time_ms": 1755065121549, "event_type": "POINT_IN_TIME", "key": "eval_samples", "value": 173, "metadata": {"file": "mlperf_logging_utils.py", "lineno": 132}}
:::MLLOG {"namespace": "", "time_ms": 1755065121549, "event_type": "POINT_IN_TIME", "key": "seed", "value": 101, "metadata": {"file": "mlperf_logging_utils.py", "lineno": 136}}
:::MLLOG {"namespace": "", "time_ms": 1755065121549, "event_type": "POINT_IN_TIME", "key": "opt_learning_rate_warmup_factor", "value": 0.0, "metadata": {"file": "mlperf_logging_utils.py", "lineno": 137}}
:::MLLOG {"namespace": "", "time_ms": 1755065121549, "event_type": "POINT_IN_TIME", "key": "opt_learning_rate_training_steps", "value": 1024, "metadata": {"file": "mlperf_logging_utils.py", "lineno": 138}}
:::MLLOG {"namespace": "", "time_ms": 1755065121549, "event_type": "POINT_IN_TIME", "key": "opt_adamw_weight_decay", "value": 0.0001, "metadata": {"file": "mlperf_logging_utils.py", "lineno": 139}}
:::MLLOG {"namespace": "", "time_ms": 1755065121549, "event_type": "POINT_IN_TIME", "key": "opt_gradient_clip_norm", "value": 0.3, "metadata": {"file": "mlperf_logging_utils.py", "lineno": 140}}
:::MLLOG {"namespace": "", "time_ms": 1755065121550, "event_type": "POINT_IN_TIME", "key": "opt_base_learning_rate", "value": 0.0004, "metadata": {"file": "mlperf_logging_utils.py", "lineno": 141}}
:::MLLOG {"namespace": "", "time_ms": 1755065121550, "event_type": "POINT_IN_TIME", "key": "lora_alpha", "value": 32, "metadata": {"file": "mlperf_logging_utils.py", "lineno": 142}}
:::MLLOG {"namespace": "", "time_ms": 1755065121550, "event_type": "POINT_IN_TIME", "key": "lora_rank", "value": 16, "metadata": {"file": "mlperf_logging_utils.py", "lineno": 143}}
:::MLLOG {"namespace": "", "time_ms": 1755065121550, "event_type": "POINT_IN_TIME", "key": "gradient_accumulation_steps", "value": 1, "metadata": {"file": "mlperf_logging_utils.py", "lineno": 144}}
:::MLLOG {"namespace": "", "time_ms": 1755065121550, "event_type": "INTERVAL_START", "key": "init_start", "value": "", "metadata": {"file": "mlperf_logging_utils.py", "lineno": 145}}
:::MLLOG {"namespace": "", "time_ms": 1755065121550, "event_type": "INTERVAL_END", "key": "init_stop", "value": "", "metadata": {"file": "mlperf_logging_utils.py", "lineno": 147}}
:::MLLOG {"namespace": "", "time_ms": 1755065121550, "event_type": "INTERVAL_START", "key": "run_start", "value": "", "metadata": {"file": "mlperf_logging_utils.py", "lineno": 148}}
:::MLLOG {"namespace": "", "time_ms": 1755065246291, "event_type": "POINT_IN_TIME", "key": "train_loss", "value": 2.1909, "metadata": {"file": "mlperf_logging_utils.py", "lineno": 166, "samples_count": 192}}
:::MLLOG {"namespace": "", "time_ms": 1755065494645, "event_type": "POINT_IN_TIME", "key": "train_loss", "value": 1.3272, "metadata": {"file": "mlperf_logging_utils.py", "lineno": 166, "samples_count": 576}}
:::MLLOG {"namespace": "", "time_ms": 1755065743240, "event_type": "POINT_IN_TIME", "key": "train_loss", "value": 1.3149, "metadata": {"file": "mlperf_logging_utils.py", "lineno": 166, "samples_count": 960}}
:::MLLOG {"namespace": "", "time_ms": 1755066024831, "event_type": "POINT_IN_TIME", "key": "train_loss", "value": 1.3056, "metadata": {"file": "mlperf_logging_utils.py", "lineno": 166, "samples_count": 1344}}
:::MLLOG {"namespace": "", "time_ms": 1755066182014, "event_type": "INTERVAL_END", "key": "block_stop", "value": "", "metadata": {"file": "mlperf_logging_utils.py", "lineno": 174, "samples_count": 1536}}
:::MLLOG {"namespace": "", "time_ms": 1755066182015, "event_type": "POINT_IN_TIME", "key": "eval_accuracy", "value": 0.9391332864761353, "metadata": {"file": "mlperf_logging_utils.py", "lineno": 179, "samples_count": 1536}}
:::MLLOG {"namespace": "", "time_ms": 1755066182015, "event_type": "INTERVAL_START", "key": "block_start", "value": "", "metadata": {"file": "mlperf_logging_utils.py", "lineno": 184, "samples_count": 192}}
:::MLLOG {"namespace": "", "time_ms": 1755066306209, "event_type": "POINT_IN_TIME", "key": "train_loss", "value": 1.2965, "metadata": {"file": "mlperf_logging_utils.py", "lineno": 166, "samples_count": 1728}}
:::MLLOG {"namespace": "", "time_ms": 1755066463522, "event_type": "INTERVAL_END", "key": "block_stop", "value": "", "metadata": {"file": "mlperf_logging_utils.py", "lineno": 174, "samples_count": 1920}}
:::MLLOG {"namespace": "", "time_ms": 1755066463522, "event_type": "POINT_IN_TIME", "key": "eval_accuracy", "value": 0.9330063462257385, "metadata": {"file": "mlperf_logging_utils.py", "lineno": 179, "samples_count": 1920}}
:::MLLOG {"namespace": "", "time_ms": 1755066463522, "event_type": "INTERVAL_START", "key": "block_start", "value": "", "metadata": {"file": "mlperf_logging_utils.py", "lineno": 184, "samples_count": 240}}
:::MLLOG {"namespace": "", "time_ms": 1755066587554, "event_type": "POINT_IN_TIME", "key": "train_loss", "value": 1.3237, "metadata": {"file": "mlperf_logging_utils.py", "lineno": 166, "samples_count": 2112}}
:::MLLOG {"namespace": "", "time_ms": 1755066744744, "event_type": "INTERVAL_END", "key": "block_stop", "value": "", "metadata": {"file": "mlperf_logging_utils.py", "lineno": 174, "samples_count": 2304}}
:::MLLOG {"namespace": "", "time_ms": 1755066744744, "event_type": "POINT_IN_TIME", "key": "eval_accuracy", "value": 0.9297330975532532, "metadata": {"file": "mlperf_logging_utils.py", "lineno": 179, "samples_count": 2304}}
:::MLLOG {"namespace": "", "time_ms": 1755066744744, "event_type": "INTERVAL_START", "key": "block_start", "value": "", "metadata": {"file": "mlperf_logging_utils.py", "lineno": 184, "samples_count": 288}}
:::MLLOG {"namespace": "", "time_ms": 1755066868638, "event_type": "POINT_IN_TIME", "key": "train_loss", "value": 1.3015, "metadata": {"file": "mlperf_logging_utils.py", "lineno": 166, "samples_count": 2496}}
:::MLLOG {"namespace": "", "time_ms": 1755067026087, "event_type": "INTERVAL_END", "key": "block_stop", "value": "", "metadata": {"file": "mlperf_logging_utils.py", "lineno": 174, "samples_count": 2688}}
:::MLLOG {"namespace": "", "time_ms": 1755067026087, "event_type": "POINT_IN_TIME", "key": "eval_accuracy", "value": 0.9252521395683289, "metadata": {"file": "mlperf_logging_utils.py", "lineno": 179, "samples_count": 2688}}
:::MLLOG {"namespace": "", "time_ms": 1755067026087, "event_type": "INTERVAL_START", "key": "block_start", "value": "", "metadata": {"file": "mlperf_logging_utils.py", "lineno": 184, "samples_count": 336}}
:::MLLOG {"namespace": "", "time_ms": 1755067150141, "event_type": "POINT_IN_TIME", "key": "train_loss", "value": 1.2865, "metadata": {"file": "mlperf_logging_utils.py", "lineno": 166, "samples_count": 2880}}
:::MLLOG {"namespace": "", "time_ms": 1755067307195, "event_type": "INTERVAL_END", "key": "block_stop", "value": "", "metadata": {"file": "mlperf_logging_utils.py", "lineno": 174, "samples_count": 3072}}
:::MLLOG {"namespace": "", "time_ms": 1755067307195, "event_type": "POINT_IN_TIME", "key": "eval_accuracy", "value": 0.9224469065666199, "metadata": {"file": "mlperf_logging_utils.py", "lineno": 179, "samples_count": 3072}}
:::MLLOG {"namespace": "", "time_ms": 1755067307196, "event_type": "INTERVAL_START", "key": "block_start", "value": "", "metadata": {"file": "mlperf_logging_utils.py", "lineno": 184, "samples_count": 384}}
:::MLLOG {"namespace": "", "time_ms": 1755067307196, "event_type": "INTERVAL_END", "key": "run_stop", "value": 0.9224469065666199, "metadata": {"file": "mlperf_logging_utils.py", "lineno": 195, "samples_count": 3072, "status": "success"}}
