:::MLLOG {"namespace": "", "time_ms": 1754884713658, "event_type": "POINT_IN_TIME", "key": "cache_clear", "value": "True", "metadata": {"file": "mlperf_logging_utils.py", "lineno": 94}}
:::MLLOG {"namespace": "", "time_ms": 1754884713659, "event_type": "POINT_IN_TIME", "key": "submission_benchmark", "value": "llama2_70b_lora", "metadata": {"file": "mlperf_logging_utils.py", "lineno": 97}}
:::MLLOG {"namespace": "", "time_ms": 1754884713659, "event_type": "POINT_IN_TIME", "key": "submission_division", "value": "closed", "metadata": {"file": "mlperf_logging_utils.py", "lineno": 101}}
:::MLLOG {"namespace": "", "time_ms": 1754884713659, "event_type": "POINT_IN_TIME", "key": "submission_org", "value": "referece", "metadata": {"file": "mlperf_logging_utils.py", "lineno": 105}}
:::MLLOG {"namespace": "", "time_ms": 1754884713660, "event_type": "POINT_IN_TIME", "key": "submission_platform", "value": "referece", "metadata": {"file": "mlperf_logging_utils.py", "lineno": 108}}
:::MLLOG {"namespace": "", "time_ms": 1754884713660, "event_type": "POINT_IN_TIME", "key": "submission_poc_name", "value": "referece", "metadata": {"file": "mlperf_logging_utils.py", "lineno": 112}}
:::MLLOG {"namespace": "", "time_ms": 1754884713660, "event_type": "POINT_IN_TIME", "key": "submission_poc_email", "value": "referece", "metadata": {"file": "mlperf_logging_utils.py", "lineno": 116}}
:::MLLOG {"namespace": "", "time_ms": 1754884713660, "event_type": "POINT_IN_TIME", "key": "submission_status", "value": "onprem", "metadata": {"file": "mlperf_logging_utils.py", "lineno": 120}}
:::MLLOG {"namespace": "", "time_ms": 1754884713661, "event_type": "POINT_IN_TIME", "key": "global_batch_size", "value": 8, "metadata": {"file": "mlperf_logging_utils.py", "lineno": 124}}
:::MLLOG {"namespace": "", "time_ms": 1754884713661, "event_type": "POINT_IN_TIME", "key": "train_samples", "value": 3901, "metadata": {"file": "mlperf_logging_utils.py", "lineno": 128}}
:::MLLOG {"namespace": "", "time_ms": 1754884713661, "event_type": "POINT_IN_TIME", "key": "eval_samples", "value": 173, "metadata": {"file": "mlperf_logging_utils.py", "lineno": 132}}
:::MLLOG {"namespace": "", "time_ms": 1754884713661, "event_type": "POINT_IN_TIME", "key": "seed", "value": 101, "metadata": {"file": "mlperf_logging_utils.py", "lineno": 136}}
:::MLLOG {"namespace": "", "time_ms": 1754884713662, "event_type": "POINT_IN_TIME", "key": "opt_learning_rate_warmup_factor", "value": 0.0, "metadata": {"file": "mlperf_logging_utils.py", "lineno": 137}}
:::MLLOG {"namespace": "", "time_ms": 1754884713662, "event_type": "POINT_IN_TIME", "key": "opt_learning_rate_training_steps", "value": 1024, "metadata": {"file": "mlperf_logging_utils.py", "lineno": 138}}
:::MLLOG {"namespace": "", "time_ms": 1754884713662, "event_type": "POINT_IN_TIME", "key": "opt_adamw_weight_decay", "value": 0.0001, "metadata": {"file": "mlperf_logging_utils.py", "lineno": 139}}
:::MLLOG {"namespace": "", "time_ms": 1754884713662, "event_type": "POINT_IN_TIME", "key": "opt_gradient_clip_norm", "value": 0.3, "metadata": {"file": "mlperf_logging_utils.py", "lineno": 140}}
:::MLLOG {"namespace": "", "time_ms": 1754884713663, "event_type": "POINT_IN_TIME", "key": "opt_base_learning_rate", "value": 0.0004, "metadata": {"file": "mlperf_logging_utils.py", "lineno": 141}}
:::MLLOG {"namespace": "", "time_ms": 1754884713663, "event_type": "POINT_IN_TIME", "key": "lora_alpha", "value": 32, "metadata": {"file": "mlperf_logging_utils.py", "lineno": 142}}
:::MLLOG {"namespace": "", "time_ms": 1754884713663, "event_type": "POINT_IN_TIME", "key": "lora_rank", "value": 16, "metadata": {"file": "mlperf_logging_utils.py", "lineno": 143}}
:::MLLOG {"namespace": "", "time_ms": 1754884713663, "event_type": "POINT_IN_TIME", "key": "gradient_accumulation_steps", "value": 1, "metadata": {"file": "mlperf_logging_utils.py", "lineno": 144}}
:::MLLOG {"namespace": "", "time_ms": 1754884713664, "event_type": "INTERVAL_START", "key": "init_start", "value": "", "metadata": {"file": "mlperf_logging_utils.py", "lineno": 145}}
:::MLLOG {"namespace": "", "time_ms": 1754884713664, "event_type": "INTERVAL_END", "key": "init_stop", "value": "", "metadata": {"file": "mlperf_logging_utils.py", "lineno": 147}}
:::MLLOG {"namespace": "", "time_ms": 1754884713664, "event_type": "INTERVAL_START", "key": "run_start", "value": "", "metadata": {"file": "mlperf_logging_utils.py", "lineno": 148}}
:::MLLOG {"namespace": "", "time_ms": 1754885195040, "event_type": "POINT_IN_TIME", "key": "train_loss", "value": 2.2087, "metadata": {"file": "mlperf_logging_utils.py", "lineno": 166, "samples_count": 192}}
:::MLLOG {"namespace": "", "time_ms": 1754886155645, "event_type": "POINT_IN_TIME", "key": "train_loss", "value": 1.3273, "metadata": {"file": "mlperf_logging_utils.py", "lineno": 166, "samples_count": 576}}
:::MLLOG {"namespace": "", "time_ms": 1754887115782, "event_type": "POINT_IN_TIME", "key": "train_loss", "value": 1.3138, "metadata": {"file": "mlperf_logging_utils.py", "lineno": 166, "samples_count": 960}}
:::MLLOG {"namespace": "", "time_ms": 1754888217378, "event_type": "POINT_IN_TIME", "key": "train_loss", "value": 1.3044, "metadata": {"file": "mlperf_logging_utils.py", "lineno": 166, "samples_count": 1344}}
:::MLLOG {"namespace": "", "time_ms": 1754888839244, "event_type": "INTERVAL_END", "key": "block_stop", "value": "", "metadata": {"file": "mlperf_logging_utils.py", "lineno": 174, "samples_count": 1536}}
:::MLLOG {"namespace": "", "time_ms": 1754888839245, "event_type": "POINT_IN_TIME", "key": "eval_accuracy", "value": 0.938866913318634, "metadata": {"file": "mlperf_logging_utils.py", "lineno": 179, "samples_count": 1536}}
:::MLLOG {"namespace": "", "time_ms": 1754888839245, "event_type": "INTERVAL_START", "key": "block_start", "value": "", "metadata": {"file": "mlperf_logging_utils.py", "lineno": 184, "samples_count": 192}}
:::MLLOG {"namespace": "", "time_ms": 1754889319752, "event_type": "POINT_IN_TIME", "key": "train_loss", "value": 1.2964, "metadata": {"file": "mlperf_logging_utils.py", "lineno": 166, "samples_count": 1728}}
:::MLLOG {"namespace": "", "time_ms": 1754889941986, "event_type": "INTERVAL_END", "key": "block_stop", "value": "", "metadata": {"file": "mlperf_logging_utils.py", "lineno": 174, "samples_count": 1920}}
:::MLLOG {"namespace": "", "time_ms": 1754889941987, "event_type": "POINT_IN_TIME", "key": "eval_accuracy", "value": 0.9365055561065674, "metadata": {"file": "mlperf_logging_utils.py", "lineno": 179, "samples_count": 1920}}
:::MLLOG {"namespace": "", "time_ms": 1754889941988, "event_type": "INTERVAL_START", "key": "block_start", "value": "", "metadata": {"file": "mlperf_logging_utils.py", "lineno": 184, "samples_count": 240}}
:::MLLOG {"namespace": "", "time_ms": 1754890422423, "event_type": "POINT_IN_TIME", "key": "train_loss", "value": 1.3269, "metadata": {"file": "mlperf_logging_utils.py", "lineno": 166, "samples_count": 2112}}
:::MLLOG {"namespace": "", "time_ms": 1754891045106, "event_type": "INTERVAL_END", "key": "block_stop", "value": "", "metadata": {"file": "mlperf_logging_utils.py", "lineno": 174, "samples_count": 2304}}
:::MLLOG {"namespace": "", "time_ms": 1754891045106, "event_type": "POINT_IN_TIME", "key": "eval_accuracy", "value": 0.9294281601905823, "metadata": {"file": "mlperf_logging_utils.py", "lineno": 179, "samples_count": 2304}}
:::MLLOG {"namespace": "", "time_ms": 1754891045107, "event_type": "INTERVAL_START", "key": "block_start", "value": "", "metadata": {"file": "mlperf_logging_utils.py", "lineno": 184, "samples_count": 288}}
:::MLLOG {"namespace": "", "time_ms": 1754891525430, "event_type": "POINT_IN_TIME", "key": "train_loss", "value": 1.3024, "metadata": {"file": "mlperf_logging_utils.py", "lineno": 166, "samples_count": 2496}}
:::MLLOG {"namespace": "", "time_ms": 1754892147288, "event_type": "INTERVAL_END", "key": "block_stop", "value": "", "metadata": {"file": "mlperf_logging_utils.py", "lineno": 174, "samples_count": 2688}}
:::MLLOG {"namespace": "", "time_ms": 1754892147288, "event_type": "POINT_IN_TIME", "key": "eval_accuracy", "value": 0.9258096218109131, "metadata": {"file": "mlperf_logging_utils.py", "lineno": 179, "samples_count": 2688}}
:::MLLOG {"namespace": "", "time_ms": 1754892147289, "event_type": "INTERVAL_START", "key": "block_start", "value": "", "metadata": {"file": "mlperf_logging_utils.py", "lineno": 184, "samples_count": 336}}
:::MLLOG {"namespace": "", "time_ms": 1754892627175, "event_type": "POINT_IN_TIME", "key": "train_loss", "value": 1.2875, "metadata": {"file": "mlperf_logging_utils.py", "lineno": 166, "samples_count": 2880}}
:::MLLOG {"namespace": "", "time_ms": 1754893248542, "event_type": "INTERVAL_END", "key": "block_stop", "value": "", "metadata": {"file": "mlperf_logging_utils.py", "lineno": 174, "samples_count": 3072}}
:::MLLOG {"namespace": "", "time_ms": 1754893248543, "event_type": "POINT_IN_TIME", "key": "eval_accuracy", "value": 0.9216886162757874, "metadata": {"file": "mlperf_logging_utils.py", "lineno": 179, "samples_count": 3072}}
:::MLLOG {"namespace": "", "time_ms": 1754893248544, "event_type": "INTERVAL_START", "key": "block_start", "value": "", "metadata": {"file": "mlperf_logging_utils.py", "lineno": 184, "samples_count": 384}}
:::MLLOG {"namespace": "", "time_ms": 1754893248544, "event_type": "INTERVAL_END", "key": "run_stop", "value": 0.9216886162757874, "metadata": {"file": "mlperf_logging_utils.py", "lineno": 195, "samples_count": 3072, "status": "success"}}
